<?xml version="1.0" encoding="UTF-8"?><testsuite errors="1" failures="0" name="uk.gov.hmcts.futurehearings.hmi.functional.hearing.HearingAPITest" skipped="2" tests="3" time="7.6" timestamp="2020-07-16 03:18:41"><testcase classname="uk.gov.hmcts.futurehearings.hmi.functional.hearing.HearingAPITest" name="Test pending post to hearing"><skipped/></testcase><testcase classname="uk.gov.hmcts.futurehearings.hmi.functional.hearing.HearingAPITest" name="Test successfull post to hearing"><error message="class io.restassured.internal.RestAssuredResponseOptionsImpl cannot be cast to class io.restassured.response.ResponseOptions (io.restassured.internal.RestAssuredResponseOptionsImpl and io.restassured.response.ResponseOptions are in unnamed module of loader 'app')" type="java.lang.ClassCastException">class io.restassured.internal.RestAssuredResponseOptionsImpl cannot be cast to class io.restassured.response.ResponseOptions (io.restassured.internal.RestAssuredResponseOptionsImpl and io.restassured.response.ResponseOptions are in unnamed module of loader 'app')</error><system-err>class io.restassured.internal.RestAssuredResponseOptionsImpl cannot be cast to class io.restassured.response.ResponseOptions (io.restassured.internal.RestAssuredResponseOptionsImpl and io.restassured.response.ResponseOptions are in unnamed module of loader 'app')
io.restassured.internal.RestAssuredResponseOptionsImpl.response(RestAssuredResponseOptionsImpl.java:162)
uk.gov.hmcts.futurehearings.hmi.functional.hearing.steps.HearingSteps.requestHearing(HearingSteps.java:44)
uk.gov.hmcts.futurehearings.hmi.functional.hearing.HearingAPITest.testSuccessfullPostToHearing(HearingAPITest.java:84)
org.springframework.test.context.junit4.statements.RunBeforeTestMethodCallbacks.evaluate(RunBeforeTestMethodCallbacks.java:75)
org.springframework.test.context.junit4.statements.RunAfterTestMethodCallbacks.evaluate(RunAfterTestMethodCallbacks.java:86)
org.springframework.test.context.junit4.statements.RunBeforeTestClassCallbacks.evaluate(RunBeforeTestClassCallbacks.java:61)
org.springframework.test.context.junit4.statements.RunAfterTestClassCallbacks.evaluate(RunAfterTestClassCallbacks.java:70)
</system-err></testcase><testcase classname="uk.gov.hmcts.futurehearings.hmi.functional.hearing.HearingAPITest" name="Test successfull get"><skipped/></testcase></testsuite>